2024-10-22T10:59:54.353+09:00  INFO 6580 --- [cose] [restartedMain] com.robot.cose.CoseApplication           : Starting CoseApplication using Java 17.0.10 with PID 6580 (C:\capstone\COSECOSE\build\classes\java\main started by htb01 in C:\capstone\COSECOSE)
2024-10-22T10:59:54.371+09:00  INFO 6580 --- [cose] [restartedMain] com.robot.cose.CoseApplication           : No active profile set, falling back to 1 default profile: "default"
2024-10-22T10:59:54.691+09:00  INFO 6580 --- [cose] [restartedMain] o.s.b.devtools.restart.ChangeableUrls    : The Class-Path manifest attribute in C:\Users\htb01\.gradle\caches\modules-2\files-2.1\com.oracle.database.jdbc\ojdbc11\21.9.0.0\1aad2e20684ee075bb9ebdca2d83f028e4fd35fa\ojdbc11-21.9.0.0.jar referenced one or more files that do not exist: file:/C:/Users/htb01/.gradle/caches/modules-2/files-2.1/com.oracle.database.jdbc/ojdbc11/21.9.0.0/1aad2e20684ee075bb9ebdca2d83f028e4fd35fa/oraclepki.jar
2024-10-22T10:59:54.691+09:00  INFO 6580 --- [cose] [restartedMain] .e.DevToolsPropertyDefaultsPostProcessor : Devtools property defaults active! Set 'spring.devtools.add-properties' to 'false' to disable
2024-10-22T10:59:54.691+09:00  INFO 6580 --- [cose] [restartedMain] .e.DevToolsPropertyDefaultsPostProcessor : For additional web related logging consider setting the 'logging.level.web' property to 'DEBUG'
2024-10-22T10:59:55.731+09:00  INFO 6580 --- [cose] [restartedMain] o.s.b.w.embedded.tomcat.TomcatWebServer  : Tomcat initialized with port 8090 (http)
2024-10-22T10:59:55.749+09:00  INFO 6580 --- [cose] [restartedMain] o.apache.catalina.core.StandardService   : Starting service [Tomcat]
2024-10-22T10:59:55.750+09:00  INFO 6580 --- [cose] [restartedMain] o.apache.catalina.core.StandardEngine    : Starting Servlet engine: [Apache Tomcat/10.1.30]
2024-10-22T10:59:55.801+09:00  INFO 6580 --- [cose] [restartedMain] o.a.c.c.C.[Tomcat].[localhost].[/]       : Initializing Spring embedded WebApplicationContext
2024-10-22T10:59:55.802+09:00  INFO 6580 --- [cose] [restartedMain] w.s.c.ServletWebServerApplicationContext : Root WebApplicationContext: initialization completed in 1110 ms
2024-10-22T10:59:55.959+09:00  INFO 6580 --- [cose] [restartedMain] com.zaxxer.hikari.HikariDataSource       : HikariPool-1 - Starting...
2024-10-22T10:59:56.248+09:00  INFO 6580 --- [cose] [restartedMain] com.zaxxer.hikari.pool.HikariPool        : HikariPool-1 - Added connection oracle.jdbc.driver.T4CConnection@2d204c5e
2024-10-22T10:59:56.248+09:00  INFO 6580 --- [cose] [restartedMain] com.zaxxer.hikari.HikariDataSource       : HikariPool-1 - Start completed.
2024-10-22T10:59:57.840+09:00  INFO 6580 --- [cose] [restartedMain] o.s.b.d.a.OptionalLiveReloadServer       : LiveReload server is running on port 35729
2024-10-22T10:59:57.928+09:00  INFO 6580 --- [cose] [restartedMain] o.s.b.w.embedded.tomcat.TomcatWebServer  : Tomcat started on port 8090 (http) with context path '/'
2024-10-22T10:59:57.947+09:00  INFO 6580 --- [cose] [restartedMain] com.robot.cose.CoseApplication           : Started CoseApplication in 4.206 seconds (process running for 4.803)
2024-10-22T11:00:12.013+09:00  INFO 6580 --- [cose] [http-nio-8090-exec-1] o.a.c.c.C.[Tomcat].[localhost].[/]       : Initializing Spring DispatcherServlet 'dispatcherServlet'
2024-10-22T11:00:12.014+09:00  INFO 6580 --- [cose] [http-nio-8090-exec-1] o.s.web.servlet.DispatcherServlet        : Initializing Servlet 'dispatcherServlet'
2024-10-22T11:00:12.015+09:00  INFO 6580 --- [cose] [http-nio-8090-exec-1] o.s.web.servlet.DispatcherServlet        : Completed initialization in 1 ms
2024-10-22T11:43:36.229+09:00  INFO 23380 --- [cose] [restartedMain] com.robot.cose.CoseApplication           : Starting CoseApplication using Java 17.0.10 with PID 23380 (C:\capstone\COSECOSE\build\classes\java\main started by htb01 in C:\capstone\COSECOSE)
2024-10-22T11:43:36.245+09:00  INFO 23380 --- [cose] [restartedMain] com.robot.cose.CoseApplication           : No active profile set, falling back to 1 default profile: "default"
2024-10-22T11:43:36.548+09:00  INFO 23380 --- [cose] [restartedMain] o.s.b.devtools.restart.ChangeableUrls    : The Class-Path manifest attribute in C:\Users\htb01\.gradle\caches\modules-2\files-2.1\com.oracle.database.jdbc\ojdbc11\21.9.0.0\1aad2e20684ee075bb9ebdca2d83f028e4fd35fa\ojdbc11-21.9.0.0.jar referenced one or more files that do not exist: file:/C:/Users/htb01/.gradle/caches/modules-2/files-2.1/com.oracle.database.jdbc/ojdbc11/21.9.0.0/1aad2e20684ee075bb9ebdca2d83f028e4fd35fa/oraclepki.jar
2024-10-22T11:43:36.548+09:00  INFO 23380 --- [cose] [restartedMain] .e.DevToolsPropertyDefaultsPostProcessor : Devtools property defaults active! Set 'spring.devtools.add-properties' to 'false' to disable
2024-10-22T11:43:36.548+09:00  INFO 23380 --- [cose] [restartedMain] .e.DevToolsPropertyDefaultsPostProcessor : For additional web related logging consider setting the 'logging.level.web' property to 'DEBUG'
2024-10-22T11:43:37.512+09:00  INFO 23380 --- [cose] [restartedMain] o.s.b.w.embedded.tomcat.TomcatWebServer  : Tomcat initialized with port 8090 (http)
2024-10-22T11:43:37.530+09:00  INFO 23380 --- [cose] [restartedMain] o.apache.catalina.core.StandardService   : Starting service [Tomcat]
2024-10-22T11:43:37.530+09:00  INFO 23380 --- [cose] [restartedMain] o.apache.catalina.core.StandardEngine    : Starting Servlet engine: [Apache Tomcat/10.1.30]
2024-10-22T11:43:37.580+09:00  INFO 23380 --- [cose] [restartedMain] o.a.c.c.C.[Tomcat].[localhost].[/]       : Initializing Spring embedded WebApplicationContext
2024-10-22T11:43:37.580+09:00  INFO 23380 --- [cose] [restartedMain] w.s.c.ServletWebServerApplicationContext : Root WebApplicationContext: initialization completed in 1032 ms
2024-10-22T11:43:37.696+09:00  INFO 23380 --- [cose] [restartedMain] com.zaxxer.hikari.HikariDataSource       : HikariPool-1 - Starting...
2024-10-22T11:43:37.912+09:00  INFO 23380 --- [cose] [restartedMain] com.zaxxer.hikari.pool.HikariPool        : HikariPool-1 - Added connection oracle.jdbc.driver.T4CConnection@642b730c
2024-10-22T11:43:37.928+09:00  INFO 23380 --- [cose] [restartedMain] com.zaxxer.hikari.HikariDataSource       : HikariPool-1 - Start completed.
2024-10-22T11:43:39.326+09:00  INFO 23380 --- [cose] [restartedMain] o.s.b.d.a.OptionalLiveReloadServer       : LiveReload server is running on port 35729
2024-10-22T11:43:39.430+09:00  INFO 23380 --- [cose] [restartedMain] o.s.b.w.embedded.tomcat.TomcatWebServer  : Tomcat started on port 8090 (http) with context path '/'
2024-10-22T11:43:39.459+09:00  INFO 23380 --- [cose] [restartedMain] com.robot.cose.CoseApplication           : Started CoseApplication in 3.662 seconds (process running for 4.698)
2024-10-22T11:43:47.034+09:00  INFO 23380 --- [cose] [http-nio-8090-exec-1] o.a.c.c.C.[Tomcat].[localhost].[/]       : Initializing Spring DispatcherServlet 'dispatcherServlet'
2024-10-22T11:43:47.035+09:00  INFO 23380 --- [cose] [http-nio-8090-exec-1] o.s.web.servlet.DispatcherServlet        : Initializing Servlet 'dispatcherServlet'
2024-10-22T11:43:47.036+09:00  INFO 23380 --- [cose] [http-nio-8090-exec-1] o.s.web.servlet.DispatcherServlet        : Completed initialization in 1 ms
2024-10-22T11:44:35.082+09:00  INFO 10876 --- [cose] [restartedMain] com.robot.cose.CoseApplication           : Starting CoseApplication using Java 17.0.10 with PID 10876 (C:\capstone\COSECOSE\build\classes\java\main started by htb01 in C:\capstone\COSECOSE)
2024-10-22T11:44:35.082+09:00  INFO 10876 --- [cose] [restartedMain] com.robot.cose.CoseApplication           : No active profile set, falling back to 1 default profile: "default"
2024-10-22T11:44:35.306+09:00  INFO 10876 --- [cose] [restartedMain] o.s.b.devtools.restart.ChangeableUrls    : The Class-Path manifest attribute in C:\Users\htb01\.gradle\caches\modules-2\files-2.1\com.oracle.database.jdbc\ojdbc11\21.9.0.0\1aad2e20684ee075bb9ebdca2d83f028e4fd35fa\ojdbc11-21.9.0.0.jar referenced one or more files that do not exist: file:/C:/Users/htb01/.gradle/caches/modules-2/files-2.1/com.oracle.database.jdbc/ojdbc11/21.9.0.0/1aad2e20684ee075bb9ebdca2d83f028e4fd35fa/oraclepki.jar
2024-10-22T11:44:35.306+09:00  INFO 10876 --- [cose] [restartedMain] .e.DevToolsPropertyDefaultsPostProcessor : Devtools property defaults active! Set 'spring.devtools.add-properties' to 'false' to disable
2024-10-22T11:44:35.320+09:00  INFO 10876 --- [cose] [restartedMain] .e.DevToolsPropertyDefaultsPostProcessor : For additional web related logging consider setting the 'logging.level.web' property to 'DEBUG'
2024-10-22T11:44:36.416+09:00  INFO 10876 --- [cose] [restartedMain] o.s.b.w.embedded.tomcat.TomcatWebServer  : Tomcat initialized with port 8090 (http)
2024-10-22T11:44:36.483+09:00  INFO 10876 --- [cose] [restartedMain] o.apache.catalina.core.StandardService   : Starting service [Tomcat]
2024-10-22T11:44:36.497+09:00  INFO 10876 --- [cose] [restartedMain] o.apache.catalina.core.StandardEngine    : Starting Servlet engine: [Apache Tomcat/10.1.30]
2024-10-22T11:44:36.535+09:00  INFO 10876 --- [cose] [restartedMain] o.a.c.c.C.[Tomcat].[localhost].[/]       : Initializing Spring embedded WebApplicationContext
2024-10-22T11:44:36.535+09:00  INFO 10876 --- [cose] [restartedMain] w.s.c.ServletWebServerApplicationContext : Root WebApplicationContext: initialization completed in 1215 ms
2024-10-22T11:44:36.839+09:00  INFO 10876 --- [cose] [restartedMain] com.zaxxer.hikari.HikariDataSource       : HikariPool-1 - Starting...
2024-10-22T11:44:37.200+09:00  INFO 10876 --- [cose] [restartedMain] com.zaxxer.hikari.pool.HikariPool        : HikariPool-1 - Added connection oracle.jdbc.driver.T4CConnection@50f6d06e
2024-10-22T11:44:37.200+09:00  INFO 10876 --- [cose] [restartedMain] com.zaxxer.hikari.HikariDataSource       : HikariPool-1 - Start completed.
2024-10-22T11:44:38.479+09:00  INFO 10876 --- [cose] [restartedMain] o.s.b.d.a.OptionalLiveReloadServer       : LiveReload server is running on port 35729
2024-10-22T11:44:38.541+09:00  INFO 10876 --- [cose] [restartedMain] o.s.b.w.embedded.tomcat.TomcatWebServer  : Tomcat started on port 8090 (http) with context path '/'
2024-10-22T11:44:38.561+09:00  INFO 10876 --- [cose] [restartedMain] com.robot.cose.CoseApplication           : Started CoseApplication in 3.871 seconds (process running for 5.275)
2024-10-22T11:44:43.089+09:00  INFO 10876 --- [cose] [http-nio-8090-exec-1] o.a.c.c.C.[Tomcat].[localhost].[/]       : Initializing Spring DispatcherServlet 'dispatcherServlet'
2024-10-22T11:44:43.090+09:00  INFO 10876 --- [cose] [http-nio-8090-exec-1] o.s.web.servlet.DispatcherServlet        : Initializing Servlet 'dispatcherServlet'
2024-10-22T11:44:43.091+09:00  INFO 10876 --- [cose] [http-nio-8090-exec-1] o.s.web.servlet.DispatcherServlet        : Completed initialization in 0 ms
2024-10-22T12:32:59.296+09:00  INFO 10080 --- [cose] [restartedMain] com.robot.cose.CoseApplication           : Starting CoseApplication using Java 17.0.10 with PID 10080 (C:\capstone\COSECOSE\build\classes\java\main started by htb01 in C:\capstone\COSECOSE)
2024-10-22T12:32:59.312+09:00  INFO 10080 --- [cose] [restartedMain] com.robot.cose.CoseApplication           : No active profile set, falling back to 1 default profile: "default"
2024-10-22T12:32:59.695+09:00  INFO 10080 --- [cose] [restartedMain] o.s.b.devtools.restart.ChangeableUrls    : The Class-Path manifest attribute in C:\Users\htb01\.gradle\caches\modules-2\files-2.1\com.oracle.database.jdbc\ojdbc11\21.9.0.0\1aad2e20684ee075bb9ebdca2d83f028e4fd35fa\ojdbc11-21.9.0.0.jar referenced one or more files that do not exist: file:/C:/Users/htb01/.gradle/caches/modules-2/files-2.1/com.oracle.database.jdbc/ojdbc11/21.9.0.0/1aad2e20684ee075bb9ebdca2d83f028e4fd35fa/oraclepki.jar
2024-10-22T12:32:59.695+09:00  INFO 10080 --- [cose] [restartedMain] .e.DevToolsPropertyDefaultsPostProcessor : Devtools property defaults active! Set 'spring.devtools.add-properties' to 'false' to disable
2024-10-22T12:32:59.695+09:00  INFO 10080 --- [cose] [restartedMain] .e.DevToolsPropertyDefaultsPostProcessor : For additional web related logging consider setting the 'logging.level.web' property to 'DEBUG'
2024-10-22T12:33:01.072+09:00  INFO 10080 --- [cose] [restartedMain] o.s.b.w.embedded.tomcat.TomcatWebServer  : Tomcat initialized with port 8090 (http)
2024-10-22T12:33:01.086+09:00  INFO 10080 --- [cose] [restartedMain] o.apache.catalina.core.StandardService   : Starting service [Tomcat]
2024-10-22T12:33:01.088+09:00  INFO 10080 --- [cose] [restartedMain] o.apache.catalina.core.StandardEngine    : Starting Servlet engine: [Apache Tomcat/10.1.30]
2024-10-22T12:33:01.157+09:00  INFO 10080 --- [cose] [restartedMain] o.a.c.c.C.[Tomcat].[localhost].[/]       : Initializing Spring embedded WebApplicationContext
2024-10-22T12:33:01.157+09:00  INFO 10080 --- [cose] [restartedMain] w.s.c.ServletWebServerApplicationContext : Root WebApplicationContext: initialization completed in 1462 ms
2024-10-22T12:33:01.458+09:00  INFO 10080 --- [cose] [restartedMain] com.zaxxer.hikari.HikariDataSource       : HikariPool-1 - Starting...
2024-10-22T12:33:01.838+09:00  INFO 10080 --- [cose] [restartedMain] com.zaxxer.hikari.pool.HikariPool        : HikariPool-1 - Added connection oracle.jdbc.driver.T4CConnection@34f131f8
2024-10-22T12:33:01.838+09:00  INFO 10080 --- [cose] [restartedMain] com.zaxxer.hikari.HikariDataSource       : HikariPool-1 - Start completed.
2024-10-22T12:33:03.100+09:00  INFO 10080 --- [cose] [restartedMain] o.s.b.d.a.OptionalLiveReloadServer       : LiveReload server is running on port 35729
2024-10-22T12:33:03.215+09:00  INFO 10080 --- [cose] [restartedMain] o.s.b.w.embedded.tomcat.TomcatWebServer  : Tomcat started on port 8090 (http) with context path '/'
2024-10-22T12:33:03.245+09:00  INFO 10080 --- [cose] [restartedMain] com.robot.cose.CoseApplication           : Started CoseApplication in 4.38 seconds (process running for 5.356)
2024-10-22T12:33:05.271+09:00  INFO 10080 --- [cose] [http-nio-8090-exec-1] o.a.c.c.C.[Tomcat].[localhost].[/]       : Initializing Spring DispatcherServlet 'dispatcherServlet'
2024-10-22T12:33:05.272+09:00  INFO 10080 --- [cose] [http-nio-8090-exec-1] o.s.web.servlet.DispatcherServlet        : Initializing Servlet 'dispatcherServlet'
2024-10-22T12:33:05.274+09:00  INFO 10080 --- [cose] [http-nio-8090-exec-1] o.s.web.servlet.DispatcherServlet        : Completed initialization in 1 ms
2024-10-22T12:34:48.275+09:00  INFO 9772 --- [cose] [restartedMain] com.robot.cose.CoseApplication           : Starting CoseApplication using Java 17.0.10 with PID 9772 (C:\capstone\COSECOSE\build\classes\java\main started by htb01 in C:\capstone\COSECOSE)
2024-10-22T12:34:48.280+09:00  INFO 9772 --- [cose] [restartedMain] com.robot.cose.CoseApplication           : No active profile set, falling back to 1 default profile: "default"
2024-10-22T12:34:48.643+09:00  INFO 9772 --- [cose] [restartedMain] o.s.b.devtools.restart.ChangeableUrls    : The Class-Path manifest attribute in C:\Users\htb01\.gradle\caches\modules-2\files-2.1\com.oracle.database.jdbc\ojdbc11\21.9.0.0\1aad2e20684ee075bb9ebdca2d83f028e4fd35fa\ojdbc11-21.9.0.0.jar referenced one or more files that do not exist: file:/C:/Users/htb01/.gradle/caches/modules-2/files-2.1/com.oracle.database.jdbc/ojdbc11/21.9.0.0/1aad2e20684ee075bb9ebdca2d83f028e4fd35fa/oraclepki.jar
2024-10-22T12:34:48.643+09:00  INFO 9772 --- [cose] [restartedMain] .e.DevToolsPropertyDefaultsPostProcessor : Devtools property defaults active! Set 'spring.devtools.add-properties' to 'false' to disable
2024-10-22T12:34:48.643+09:00  INFO 9772 --- [cose] [restartedMain] .e.DevToolsPropertyDefaultsPostProcessor : For additional web related logging consider setting the 'logging.level.web' property to 'DEBUG'
2024-10-22T12:34:49.695+09:00  INFO 9772 --- [cose] [restartedMain] o.s.b.w.embedded.tomcat.TomcatWebServer  : Tomcat initialized with port 8090 (http)
2024-10-22T12:34:49.695+09:00  INFO 9772 --- [cose] [restartedMain] o.apache.catalina.core.StandardService   : Starting service [Tomcat]
2024-10-22T12:34:49.695+09:00  INFO 9772 --- [cose] [restartedMain] o.apache.catalina.core.StandardEngine    : Starting Servlet engine: [Apache Tomcat/10.1.30]
2024-10-22T12:34:49.763+09:00  INFO 9772 --- [cose] [restartedMain] o.a.c.c.C.[Tomcat].[localhost].[/]       : Initializing Spring embedded WebApplicationContext
2024-10-22T12:34:49.763+09:00  INFO 9772 --- [cose] [restartedMain] w.s.c.ServletWebServerApplicationContext : Root WebApplicationContext: initialization completed in 1120 ms
2024-10-22T12:34:49.878+09:00  INFO 9772 --- [cose] [restartedMain] com.zaxxer.hikari.HikariDataSource       : HikariPool-1 - Starting...
2024-10-22T12:34:50.280+09:00  INFO 9772 --- [cose] [restartedMain] com.zaxxer.hikari.pool.HikariPool        : HikariPool-1 - Added connection oracle.jdbc.driver.T4CConnection@5fa0410e
2024-10-22T12:34:50.280+09:00  INFO 9772 --- [cose] [restartedMain] com.zaxxer.hikari.HikariDataSource       : HikariPool-1 - Start completed.
2024-10-22T12:34:51.722+09:00  INFO 9772 --- [cose] [restartedMain] o.s.b.d.a.OptionalLiveReloadServer       : LiveReload server is running on port 35729
2024-10-22T12:34:51.924+09:00  INFO 9772 --- [cose] [restartedMain] o.s.b.w.embedded.tomcat.TomcatWebServer  : Tomcat started on port 8090 (http) with context path '/'
2024-10-22T12:34:51.975+09:00  INFO 9772 --- [cose] [restartedMain] com.robot.cose.CoseApplication           : Started CoseApplication in 4.13 seconds (process running for 4.854)
2024-10-22T12:34:55.187+09:00  INFO 9772 --- [cose] [http-nio-8090-exec-1] o.a.c.c.C.[Tomcat].[localhost].[/]       : Initializing Spring DispatcherServlet 'dispatcherServlet'
2024-10-22T12:34:55.187+09:00  INFO 9772 --- [cose] [http-nio-8090-exec-1] o.s.web.servlet.DispatcherServlet        : Initializing Servlet 'dispatcherServlet'
2024-10-22T12:34:55.187+09:00  INFO 9772 --- [cose] [http-nio-8090-exec-1] o.s.web.servlet.DispatcherServlet        : Completed initialization in 0 ms
